
{"time":"2026-01-25T08:19:24.938692128-05:00","level":"INFO","source":{"function":"main.main","file":"/opt/new/hpotter/hpotter.go","line":55},"msg":"hpotter started..."}
{"time":"2026-01-25T08:19:24.945159564-05:00","level":"INFO","source":{"function":"main.handleShutdown","file":"/opt/new/hpotter/hpotter.go","line":116},"msg":"waiting for cancellation signal..."}
{"time":"2026-01-25T08:19:29.916837061-05:00","level":"INFO","source":{"function":"main.main","file":"/opt/new/hpotter/hpotter.go","line":105},"msg":"listening..."}
{"time":"2026-01-25T08:19:29.917402922-05:00","level":"INFO","source":{"function":"github.com/hpotter/pkg/listener.(*Listener).Listen","file":"/opt/new/hpotter/pkg/listener/listener.go","line":22},"msg":"starting listener","service":"{Name:ssh ListenAddress:0.0.0.0 ListenPort:22 ListenProto:tcp Image:cowrie/cowrie:latest ContainerPort:2222 GenerateCerts:false Env:[] UsernamePattern:\\[b'(.*)'\\/b PasswordPattern:\\/b'(.*)'] PayloadPattern:Command found: (.*) Recorder:0xc0000124f8}"}
{"time":"2026-01-25T08:19:29.917402937-05:00","level":"INFO","source":{"function":"github.com/hpotter/pkg/listener.(*Listener).Listen","file":"/opt/new/hpotter/pkg/listener/listener.go","line":22},"msg":"starting listener","service":"{Name:https ListenAddress:0.0.0.0 ListenPort:443 ListenProto:tcp Image:hpotter/http:latest ContainerPort:80 GenerateCerts:true Env:[] UsernamePattern:[Uu]sername=(.+?)[,&] PasswordPattern:[Pp]assword=(.+?)[,&] PayloadPattern:Payload=(.+?)$ Recorder:0xc000012540}"}
{"time":"2026-01-25T08:19:29.955456853-05:00","level":"INFO","source":{"function":"github.com/hpotter/pkg/listener.(*Listener).Listen","file":"/opt/new/hpotter/pkg/listener/listener.go","line":22},"msg":"starting listener","service":"{Name:http ListenAddress:0.0.0.0 ListenPort:80 ListenProto:tcp Image:hpotter/http:latest ContainerPort:80 GenerateCerts:false Env:[] UsernamePattern:[Uu]sername=(.+?)[,&] PasswordPattern:[Pp]assword=(.+?)[,&] PayloadPattern:Payload=(.+?)$ Recorder:0xc000012528}"}
{"time":"2026-01-25T08:19:29.97065976-05:00","level":"INFO","source":{"function":"github.com/hpotter/pkg/listener.(*Listener).Listen","file":"/opt/new/hpotter/pkg/listener/listener.go","line":22},"msg":"starting listener","service":"{Name:telnet ListenAddress:0.0.0.0 ListenPort:23 ListenProto:tcp Image:cowrie/cowrie:latest ContainerPort:2223 GenerateCerts:false Env:[COWRIE_TELNET_ENABLED=yes] UsernamePattern:\\[b'(.*)'\\/b PasswordPattern:\\/b'(.*)'] PayloadPattern:Command found: (.*) Recorder:0xc000012510}"}
{"time":"2026-01-25T08:19:39.715882917-05:00","level":"INFO","source":{"function":"github.com/hpotter/pkg/container.(*ContainerThread).Start","file":"/opt/new/hpotter/pkg/container/container.go","line":37},"msg":"started container","job":{},"container":"ef559e31f918a7b655958e9f4dda85e271cdb2074432a4dfaa2ed561becbb509"}
{"time":"2026-01-25T08:19:39.947399719-05:00","level":"INFO","source":{"function":"github.com/hpotter/pkg/container.(*ContainerThread).Start","file":"/opt/new/hpotter/pkg/container/container.go","line":37},"msg":"started container","job":{},"container":"30efc83bcc024a050081e35ba8dca81270caea329dd3b06408997b61120f680d"}
{"time":"2026-01-25T08:19:54.993444543-05:00","level":"INFO","source":{"function":"github.com/hpotter/pkg/dockerclient.(*Docker).Shutdown","file":"/opt/new/hpotter/pkg/dockerclient/docker_client.go","line":295},"msg":"shutting down container","container":"ef559e31f918a7b655958e9f4dda85e271cdb2074432a4dfaa2ed561becbb509"}
{"time":"2026-01-25T08:20:00.149499202-05:00","level":"INFO","source":{"function":"main.handleShutdown","file":"/opt/new/hpotter/hpotter.go","line":119},"msg":"cancellation signal received, shutting down hpotter"}
{"time":"2026-01-25T08:20:00.953475413-05:00","level":"INFO","source":{"function":"github.com/hpotter/pkg/dockerclient.(*Docker).HandleCancel","file":"/opt/new/hpotter/pkg/dockerclient/docker_client.go","line":352},"msg":"received cancellation signal..."}
{"time":"2026-01-25T08:20:00.953625203-05:00","level":"INFO","source":{"function":"github.com/hpotter/pkg/dockerclient.(*Docker).HandleCancel","file":"/opt/new/hpotter/pkg/dockerclient/docker_client.go","line":357},"msg":"removing container","container id":"30efc83bcc024a050081e35ba8dca81270caea329dd3b06408997b61120f680d"}
{"time":"2026-01-25T08:20:01.709849302-05:00","level":"INFO","source":{"function":"github.com/hpotter/pkg/listener.(*Listener).handleShutdown","file":"/opt/new/hpotter/pkg/listener/listener.go","line":134},"msg":"shutting down all open connections..."}
{"time":"2026-01-25T08:20:01.719557129-05:00","level":"INFO","source":{"function":"github.com/hpotter/pkg/listener.(*Listener).listenTCP","file":"/opt/new/hpotter/pkg/listener/listener.go","line":58},"msg":"shutting down the TCP listener..."}
{"time":"2026-01-25T08:20:05.243416601-05:00","level":"INFO","source":{"function":"github.com/hpotter/pkg/dockerclient.(*Docker).HandleCancel","file":"/opt/new/hpotter/pkg/dockerclient/docker_client.go","line":352},"msg":"received cancellation signal..."}
{"time":"2026-01-25T08:20:05.243917585-05:00","level":"INFO","source":{"function":"github.com/hpotter/pkg/listener.(*Listener).handleShutdown","file":"/opt/new/hpotter/pkg/listener/listener.go","line":134},"msg":"shutting down all open connections..."}
{"time":"2026-01-25T08:20:05.243954607-05:00","level":"INFO","source":{"function":"github.com/hpotter/pkg/listener.(*Listener).listenTCP","file":"/opt/new/hpotter/pkg/listener/listener.go","line":58},"msg":"shutting down the TCP listener..."}
{"time":"2026-01-25T08:20:05.248292773-05:00","level":"INFO","source":{"function":"github.com/hpotter/pkg/dockerclient.(*Docker).HandleCancel","file":"/opt/new/hpotter/pkg/dockerclient/docker_client.go","line":352},"msg":"received cancellation signal..."}
{"time":"2026-01-25T08:20:05.249527708-05:00","level":"INFO","source":{"function":"github.com/hpotter/pkg/listener.(*Listener).handleShutdown","file":"/opt/new/hpotter/pkg/listener/listener.go","line":134},"msg":"shutting down all open connections..."}
{"time":"2026-01-25T08:20:05.249668934-05:00","level":"INFO","source":{"function":"github.com/hpotter/pkg/listener.(*Listener).listenTCP","file":"/opt/new/hpotter/pkg/listener/listener.go","line":58},"msg":"shutting down the TCP listener..."}
{"time":"2026-01-25T08:20:05.249851615-05:00","level":"INFO","source":{"function":"github.com/hpotter/pkg/dockerclient.(*Docker).HandleCancel","file":"/opt/new/hpotter/pkg/dockerclient/docker_client.go","line":352},"msg":"received cancellation signal..."}
{"time":"2026-01-25T08:20:05.249905318-05:00","level":"INFO","source":{"function":"github.com/hpotter/pkg/listener.(*Listener).handleShutdown","file":"/opt/new/hpotter/pkg/listener/listener.go","line":134},"msg":"shutting down all open connections..."}
{"time":"2026-01-25T08:20:05.249931555-05:00","level":"INFO","source":{"function":"github.com/hpotter/pkg/listener.(*Listener).listenTCP","file":"/opt/new/hpotter/pkg/listener/listener.go","line":58},"msg":"shutting down the TCP listener..."}
